su_33_flanker_d\paa\cokpit.png
su_33_flanker_d\tex\glass.png
su_33_flanker_d\tex\su33_pit1_co.png
su_33_flanker_d\tex\su33_pit2_co.png
su_33_flanker_d\tex\tex_0196_1.png
su_33_flanker_d\tex\tex_23047_0.png
su_33_flanker_d\tex\tex_23119_0.png
su_33_flanker_d\tex\tex_26373_0.png
su_33_flanker_d\tex\tex_26598_1.png
su_33_flanker_d\tex\brown\su33_brown_co.png
su_33_flanker_d\wep\r27.png
su_33_flanker_d\wep\data\s8b_co.png
tex\glass.png
tex\su33_pit1_co.png
tex\su33_pit2_co.png
tex\tex_0196_1.png
tex\tex_23047_0.png
tex\tex_23119_0.png
tex\tex_26373_0.png
tex\tex_26598_1.png
tex\brown\su33_brown_co.png
wep\r27.png
wep\data\s8b_co.png
su_33_flanker_d\tex\cock_panel.png
su_33_flanker_d\tex\hud.png
su_33_flanker_d\tex\omote.png
su_33_flanker_d\tex\seat.png
su_33_flanker_d\tex\ura.png
su_33_flanker_d\tex\ui\pic.png
su_33_flanker_d\tex\ui\pylon.png
su_33_flanker_d\wep\kh29\tex\kh29l_co.png
su_33_flanker_d\wep\kh31\tex\kh31_co.png
su_33_flanker_d\wep\r27\tex\r27_co.png
su_33_flanker_d\wep\r73\tex\r73_co.png
su_33_flanker_d\wep\r77\tex\r77.png
su_33_flanker_d\wheel\tex_0196_0.png
su_33_flanker_d\wheel\tex_23119_0.png
su_33_flanker_d\wheel\tex_26503_0.png
